<?xml version="1.0" encoding="UTF-8"?>
<!-- Generated by org.testng.reporters.JUnitReportReporter -->
<testsuite skipped="0" hostname="maheshchanti-PC" name="baseclass.Setup" tests="1" failures="0" timestamp="15 May 2021 10:37:37 GMT" time="29.431" errors="0">
  <testcase name="display" time="29.431" classname="baseclass.Setup"/>
</testsuite> <!-- baseclass.Setup -->
