<?xml version="1.0" encoding="UTF-8"?>
<!-- Generated by org.testng.reporters.JUnitReportReporter -->
<testsuite skipped="0" hostname="maheshchanti-PC" name="testcases.JiraLoginTest" tests="1" failures="0" timestamp="17 May 2021 06:00:02 GMT" time="49.932" errors="0">
  <testcase name="Testlogin_fp" time="49.932" classname="testcases.JiraLoginTest"/>
</testsuite> <!-- testcases.JiraLoginTest -->
