<?xml version="1.0" encoding="UTF-8"?>
<!-- Generated by org.testng.reporters.JUnitReportReporter -->
<testsuite skipped="0" hostname="maheshchanti-PC" name="flipKartlogin.LoginTest" tests="1" failures="0" timestamp="17 May 2021 13:16:45 GMT" time="54.562" errors="0">
  <testcase name="Flipkart_Login" time="54.562" classname="flipKartlogin.LoginTest"/>
</testsuite> <!-- flipKartlogin.LoginTest -->
